<?xml version="1.0" encoding="UTF-8"?>
<coverage generated="1477129918">
  <project timestamp="1477129918">
    <package name="GDCR16\GOL">
      <file name="/vagrant/src/Cell.php">
        <class name="Cell" namespace="GDCR16\GOL" fullPackage="GDCR16" package="GDCR16">
          <metrics complexity="3" methods="3" coveredmethods="3" conditionals="0" coveredconditionals="0" statements="5" coveredstatements="5" elements="8" coveredelements="8"/>
        </class>
        <line num="24" type="method" name="__construct" visibility="public" complexity="1" crap="1" count="1"/>
        <line num="26" type="stmt" count="1"/>
        <line num="27" type="stmt" count="1"/>
        <line num="28" type="stmt" count="1"/>
        <line num="33" type="method" name="getX" visibility="public" complexity="1" crap="1" count="1"/>
        <line num="35" type="stmt" count="1"/>
        <line num="41" type="method" name="getY" visibility="public" complexity="1" crap="1" count="1"/>
        <line num="43" type="stmt" count="1"/>
        <metrics loc="45" ncloc="26" classes="1" methods="3" coveredmethods="3" conditionals="0" coveredconditionals="0" statements="5" coveredstatements="5" elements="8" coveredelements="8"/>
      </file>
      <file name="/vagrant/src/Universe.php">
        <class name="Universe" namespace="GDCR16\GOL" fullPackage="GDCR16" package="GDCR16">
          <metrics complexity="28" methods="9" coveredmethods="8" conditionals="0" coveredconditionals="0" statements="65" coveredstatements="53" elements="74" coveredelements="61"/>
        </class>
        <line num="30" type="method" name="__construct" visibility="public" complexity="1" crap="1" count="1"/>
        <line num="32" type="stmt" count="1"/>
        <line num="33" type="stmt" count="1"/>
        <line num="34" type="stmt" count="1"/>
        <line num="35" type="stmt" count="1"/>
        <line num="36" type="stmt" count="1"/>
        <line num="38" type="method" name="addCell" visibility="public" complexity="1" crap="1" count="1"/>
        <line num="40" type="stmt" count="1"/>
        <line num="41" type="stmt" count="1"/>
        <line num="49" type="method" name="getCellAt" visibility="public" complexity="4" crap="4" count="1"/>
        <line num="51" type="stmt" count="1"/>
        <line num="53" type="stmt" count="1"/>
        <line num="55" type="stmt" count="1"/>
        <line num="59" type="stmt" count="1"/>
        <line num="65" type="method" name="getSizeX" visibility="public" complexity="1" crap="1" count="1"/>
        <line num="67" type="stmt" count="1"/>
        <line num="73" type="method" name="getSizeY" visibility="public" complexity="1" crap="1" count="1"/>
        <line num="75" type="stmt" count="1"/>
        <line num="78" type="method" name="getNextGeneration" visibility="public" complexity="6" crap="6" count="1"/>
        <line num="80" type="stmt" count="1"/>
        <line num="83" type="stmt" count="1"/>
        <line num="85" type="stmt" count="1"/>
        <line num="87" type="stmt" count="1"/>
        <line num="89" type="stmt" count="1"/>
        <line num="91" type="stmt" count="1"/>
        <line num="92" type="stmt" count="1"/>
        <line num="94" type="stmt" count="1"/>
        <line num="99" type="stmt" count="1"/>
        <line num="100" type="stmt" count="1"/>
        <line num="102" type="stmt" count="1"/>
        <line num="108" type="stmt" count="1"/>
        <line num="111" type="method" name="countCellsAround" visibility="private" complexity="9" crap="9" count="1"/>
        <line num="113" type="stmt" count="1"/>
        <line num="115" type="stmt" count="1"/>
        <line num="117" type="stmt" count="1"/>
        <line num="120" type="stmt" count="1"/>
        <line num="122" type="stmt" count="1"/>
        <line num="125" type="stmt" count="1"/>
        <line num="127" type="stmt" count="1"/>
        <line num="130" type="stmt" count="1"/>
        <line num="132" type="stmt" count="1"/>
        <line num="135" type="stmt" count="1"/>
        <line num="137" type="stmt" count="1"/>
        <line num="140" type="stmt" count="1"/>
        <line num="142" type="stmt" count="1"/>
        <line num="145" type="stmt" count="1"/>
        <line num="147" type="stmt" count="1"/>
        <line num="150" type="stmt" count="1"/>
        <line num="152" type="stmt" count="1"/>
        <line num="155" type="stmt" count="1"/>
        <line num="158" type="method" name="anonymous function" visibility="public" complexity="4" crap="20" count="0"/>
        <line num="160" type="stmt" count="0"/>
        <line num="161" type="stmt" count="0"/>
        <line num="163" type="stmt" count="0"/>
        <line num="165" type="stmt" count="0"/>
        <line num="167" type="stmt" count="0"/>
        <line num="169" type="stmt" count="0"/>
        <line num="171" type="stmt" count="0"/>
        <line num="175" type="stmt" count="0"/>
        <line num="178" type="stmt" count="0"/>
        <line num="181" type="stmt" count="0"/>
        <line num="184" type="stmt" count="0"/>
        <line num="185" type="stmt" count="0"/>
        <line num="187" type="method" name="getInitial" visibility="public" complexity="1" crap="1" count="1"/>
        <line num="189" type="stmt" count="1"/>
        <line num="190" type="stmt" count="1"/>
        <line num="191" type="stmt" count="1"/>
        <line num="192" type="stmt" count="1"/>
        <line num="193" type="stmt" count="1"/>
        <line num="194" type="stmt" count="1"/>
        <line num="195" type="stmt" count="1"/>
        <line num="196" type="stmt" count="1"/>
        <line num="197" type="stmt" count="1"/>
        <line num="199" type="stmt" count="1"/>
        <metrics loc="201" ncloc="172" classes="1" methods="9" coveredmethods="8" conditionals="0" coveredconditionals="0" statements="65" coveredstatements="53" elements="74" coveredelements="61"/>
      </file>
    </package>
    <metrics files="2" loc="246" ncloc="198" classes="2" methods="12" coveredmethods="11" conditionals="0" coveredconditionals="0" statements="70" coveredstatements="58" elements="82" coveredelements="69"/>
  </project>
</coverage>
